<?xml version="1.0" encoding="UTF-8"?>
<!-- Generated by org.testng.reporters.JUnitReportReporter -->
<testsuite hostname="DESKTOP-88VODDM" failures="0" tests="1" name="mavenpratice.CreateProfile" time="4.569" errors="0" timestamp="2024-10-19T13:34:24 IST" skipped="0">
  <testcase classname="mavenpratice.CreateProfile" name="hello" time="4.569"/>
</testsuite> <!-- mavenpratice.CreateProfile -->
