<?xml version="1.0" encoding="UTF-8"?>
<!-- Generated by org.testng.reporters.JUnitReportReporter -->
<testsuite hostname="DESKTOP-88VODDM" failures="0" tests="1" name="mavenpratice.CreateProfile2" time="8.399" errors="0" timestamp="2024-10-21T23:10:45 IST" skipped="0">
  <testcase classname="mavenpratice.CreateProfile2" name="intilize" time="8.399"/>
</testsuite> <!-- mavenpratice.CreateProfile2 -->
