<?xml version="1.0" encoding="UTF-8"?>
<!-- Generated by org.testng.reporters.JUnitReportReporter -->
<testsuite hostname="DESKTOP-88VODDM" failures="0" tests="1" name="com.pratice.AppTest" time="0.003" errors="0" timestamp="2024-10-19T13:33:57 IST" skipped="0">
  <testcase classname="com.pratice.AppTest" name="testApp" time="0.003"/>
</testsuite> <!-- com.pratice.AppTest -->
